<?xml version="1.0" encoding="UTF-8"?>
<!-- Generated by org.testng.reporters.JUnitXMLReporter -->
<testsuite ignored="8" hostname="Shweta" failures="1" tests="5" name="Test" time="114.437" errors="0" timestamp="2024-09-05T19:56:52 IST">
  <testcase classname="Product.CreateProductTest" name="createProduct" time="15.818">
    <skipped/>
  </testcase> <!-- createProduct -->
  <testcase classname="Product.CreateProductTest" name="createProduct" time="13.117">
    <skipped/>
  </testcase> <!-- createProduct -->
  <testcase classname="Product.CreateProductTest" name="createProduct" time="14.248">
    <failure type="java.lang.AssertionError" message="Assert pass expected [Nike701] but found [Nike701701]">
      <![CDATA[java.lang.AssertionError: Assert pass expected [Nike701] but found [Nike701701]
at Product.CreateProductTest.createProduct(CreateProductTest.java:60)
at java.base/java.util.ArrayList.forEach(ArrayList.java:1511)
... Removed 32 stack frames]]>
    </failure>
  </testcase> <!-- createProduct -->
  <testcase classname="Campaings.CreateCampaingTest" name="createCampaign" time="13.747"/>
  <testcase classname="OrganizationVtiger.CreateOrgTest" name="createOrg" time="11.822"/>
  <testcase classname="Generic_Utilities.BaseClass" name="@BeforeSuite BS" time="0.0">
    <ignored/>
  </testcase> <!-- @BeforeSuite BS -->
  <testcase classname="Generic_Utilities.BaseClass" name="@BeforeSuite BS" time="0.0">
    <ignored/>
  </testcase> <!-- @BeforeSuite BS -->
  <testcase classname="Generic_Utilities.BaseClass" name="@BeforeTest BT" time="0.0">
    <ignored/>
  </testcase> <!-- @BeforeTest BT -->
  <testcase classname="Generic_Utilities.BaseClass" name="@BeforeTest BT" time="0.0">
    <ignored/>
  </testcase> <!-- @BeforeTest BT -->
  <testcase classname="Generic_Utilities.BaseClass" name="@AfterSuite AS" time="0.0">
    <ignored/>
  </testcase> <!-- @AfterSuite AS -->
  <testcase classname="Generic_Utilities.BaseClass" name="@AfterSuite AS" time="0.0">
    <ignored/>
  </testcase> <!-- @AfterSuite AS -->
  <testcase classname="Generic_Utilities.BaseClass" name="@AfterTest AT" time="0.0">
    <ignored/>
  </testcase> <!-- @AfterTest AT -->
  <testcase classname="Generic_Utilities.BaseClass" name="@AfterTest AT" time="0.0">
    <ignored/>
  </testcase> <!-- @AfterTest AT -->
</testsuite> <!-- Test -->
