<?xml version="1.0" encoding="UTF-8"?>
<testng-results retried="2" ignored="8" total="13" passed="2" failed="1" skipped="0">
  <reporter-output>
  </reporter-output>
  <suite started-at="2024-09-05T19:54:57 IST" name="Suite" finished-at="2024-09-05T19:56:52 IST" duration-ms="114437">
    <groups>
      <group name="smoke">
        <method signature="CreateOrgTest.createOrg()[pri:0, instance:OrganizationVtiger.CreateOrgTest@223d2c72]" name="createOrg" class="OrganizationVtiger.CreateOrgTest"/>
      </group> <!-- smoke -->
    </groups>
    <test started-at="2024-09-05T19:54:57 IST" name="Test" finished-at="2024-09-05T19:56:52 IST" duration-ms="114437">
      <class name="Campaings.CreateCampaingTest">
        <test-method is-config="true" signature="BC()[pri:0, instance:Campaings.CreateCampaingTest@36902638]" started-at="2024-09-05T19:56:05 IST" name="BC" finished-at="2024-09-05T19:56:07 IST" duration-ms="1690" status="PASS">
          <reporter-output>
          </reporter-output>
        </test-method> <!-- BC -->
        <test-method is-config="true" signature="BM()[pri:0, instance:Campaings.CreateCampaingTest@36902638]" started-at="2024-09-05T19:56:07 IST" name="BM" finished-at="2024-09-05T19:56:12 IST" duration-ms="5016" status="PASS">
          <reporter-output>
          </reporter-output>
        </test-method> <!-- BM -->
        <test-method signature="createCampaign()[pri:0, instance:Campaings.CreateCampaingTest@36902638]" started-at="2024-09-05T19:56:12 IST" name="createCampaign" finished-at="2024-09-05T19:56:25 IST" duration-ms="13747" status="PASS">
          <reporter-output>
          </reporter-output>
        </test-method> <!-- createCampaign -->
        <test-method is-config="true" signature="AM()[pri:0, instance:Campaings.CreateCampaingTest@36902638]" started-at="2024-09-05T19:56:25 IST" name="AM" finished-at="2024-09-05T19:56:27 IST" duration-ms="1796" status="PASS">
          <reporter-output>
          </reporter-output>
        </test-method> <!-- AM -->
        <test-method is-config="true" signature="AC()[pri:0, instance:Campaings.CreateCampaingTest@36902638]" started-at="2024-09-05T19:56:27 IST" name="AC" finished-at="2024-09-05T19:56:27 IST" duration-ms="144" status="PASS">
          <reporter-output>
          </reporter-output>
        </test-method> <!-- AC -->
      </class> <!-- Campaings.CreateCampaingTest -->
      <class name="OrganizationVtiger.CreateOrgTest">
        <test-method is-config="true" signature="BC()[pri:0, instance:OrganizationVtiger.CreateOrgTest@223d2c72]" started-at="2024-09-05T19:56:27 IST" name="BC" finished-at="2024-09-05T19:56:29 IST" duration-ms="1574" status="PASS">
          <reporter-output>
          </reporter-output>
        </test-method> <!-- BC -->
        <test-method is-config="true" signature="BM()[pri:0, instance:OrganizationVtiger.CreateOrgTest@223d2c72]" started-at="2024-09-05T19:56:29 IST" name="BM" finished-at="2024-09-05T19:56:38 IST" duration-ms="8811" status="PASS">
          <reporter-output>
          </reporter-output>
        </test-method> <!-- BM -->
        <test-method signature="createOrg()[pri:0, instance:OrganizationVtiger.CreateOrgTest@223d2c72]" started-at="2024-09-05T19:56:38 IST" name="createOrg" finished-at="2024-09-05T19:56:50 IST" duration-ms="11822" status="PASS">
          <reporter-output>
          </reporter-output>
        </test-method> <!-- createOrg -->
        <test-method is-config="true" signature="AM()[pri:0, instance:OrganizationVtiger.CreateOrgTest@223d2c72]" started-at="2024-09-05T19:56:50 IST" name="AM" finished-at="2024-09-05T19:56:51 IST" duration-ms="1939" status="PASS">
          <reporter-output>
          </reporter-output>
        </test-method> <!-- AM -->
        <test-method is-config="true" signature="AC()[pri:0, instance:OrganizationVtiger.CreateOrgTest@223d2c72]" started-at="2024-09-05T19:56:51 IST" name="AC" finished-at="2024-09-05T19:56:52 IST" duration-ms="128" status="PASS">
          <reporter-output>
          </reporter-output>
        </test-method> <!-- AC -->
      </class> <!-- OrganizationVtiger.CreateOrgTest -->
      <class name="Product.CreateProductTest">
        <test-method is-config="true" signature="BS()[pri:0, instance:Product.CreateProductTest@3a93b025]" started-at="2024-09-05T19:54:57 IST" name="BS" finished-at="2024-09-05T19:54:57 IST" duration-ms="11" status="PASS">
          <reporter-output>
          </reporter-output>
        </test-method> <!-- BS -->
        <test-method is-config="true" signature="BT()[pri:0, instance:Product.CreateProductTest@3a93b025]" started-at="2024-09-05T19:54:57 IST" name="BT" finished-at="2024-09-05T19:54:57 IST" duration-ms="0" status="PASS">
          <reporter-output>
          </reporter-output>
        </test-method> <!-- BT -->
        <test-method is-config="true" signature="BC()[pri:0, instance:Product.CreateProductTest@3a93b025]" started-at="2024-09-05T19:54:57 IST" name="BC" finished-at="2024-09-05T19:54:59 IST" duration-ms="2079" status="PASS">
          <reporter-output>
          </reporter-output>
        </test-method> <!-- BC -->
        <test-method is-config="true" signature="BM()[pri:0, instance:Product.CreateProductTest@3a93b025]" started-at="2024-09-05T19:54:59 IST" name="BM" finished-at="2024-09-05T19:55:05 IST" duration-ms="5490" status="PASS">
          <reporter-output>
          </reporter-output>
        </test-method> <!-- BM -->
        <test-method retried="true" signature="createProduct()[pri:0, instance:Product.CreateProductTest@3a93b025]" started-at="2024-09-05T19:55:05 IST" name="createProduct" finished-at="2024-09-05T19:55:21 IST" duration-ms="15818" status="SKIP">
          <exception class="java.lang.AssertionError">
            <message>
              <![CDATA[Assert pass expected [Nike927] but found [Nike927927]]]>
            </message>
            <full-stacktrace>
              <![CDATA[java.lang.AssertionError: Assert pass expected [Nike927] but found [Nike927927]
at org.testng.Assert.fail(Assert.java:99)
at org.testng.Assert.failNotEquals(Assert.java:1037)
at org.testng.Assert.assertEqualsImpl(Assert.java:140)
at org.testng.Assert.assertEquals(Assert.java:122)
at org.testng.Assert.assertEquals(Assert.java:629)
at Product.CreateProductTest.createProduct(CreateProductTest.java:60)
at java.base/jdk.internal.reflect.NativeMethodAccessorImpl.invoke0(Native Method)
at java.base/jdk.internal.reflect.NativeMethodAccessorImpl.invoke(NativeMethodAccessorImpl.java:77)
at java.base/jdk.internal.reflect.DelegatingMethodAccessorImpl.invoke(DelegatingMethodAccessorImpl.java:43)
at java.base/java.lang.reflect.Method.invoke(Method.java:568)
at org.testng.internal.MethodInvocationHelper.invokeMethod(MethodInvocationHelper.java:133)
at org.testng.internal.TestInvoker.invokeMethod(TestInvoker.java:598)
at org.testng.internal.TestInvoker.invokeTestMethod(TestInvoker.java:173)
at org.testng.internal.MethodRunner.runInSequence(MethodRunner.java:46)
at org.testng.internal.TestInvoker$MethodInvocationAgent.invoke(TestInvoker.java:824)
at org.testng.internal.TestInvoker.invokeTestMethods(TestInvoker.java:146)
at org.testng.internal.TestMethodWorker.invokeTestMethods(TestMethodWorker.java:146)
at org.testng.internal.TestMethodWorker.run(TestMethodWorker.java:128)
at java.base/java.util.ArrayList.forEach(ArrayList.java:1511)
at org.testng.TestRunner.privateRun(TestRunner.java:794)
at org.testng.TestRunner.run(TestRunner.java:596)
at org.testng.SuiteRunner.runTest(SuiteRunner.java:377)
at org.testng.SuiteRunner.runSequentially(SuiteRunner.java:371)
at org.testng.SuiteRunner.privateRun(SuiteRunner.java:332)
at org.testng.SuiteRunner.run(SuiteRunner.java:276)
at org.testng.SuiteRunnerWorker.runSuite(SuiteRunnerWorker.java:53)
at org.testng.SuiteRunnerWorker.run(SuiteRunnerWorker.java:96)
at org.testng.TestNG.runSuitesSequentially(TestNG.java:1212)
at org.testng.TestNG.runSuitesLocally(TestNG.java:1134)
at org.testng.TestNG.runSuites(TestNG.java:1063)
at org.testng.TestNG.run(TestNG.java:1031)
at org.testng.remote.AbstractRemoteTestNG.run(AbstractRemoteTestNG.java:115)
at org.testng.remote.RemoteTestNG.initAndRun(RemoteTestNG.java:293)
at org.testng.remote.RemoteTestNG.main(RemoteTestNG.java:91)
]]>
            </full-stacktrace>
          </exception> <!-- java.lang.AssertionError -->
          <reporter-output>
          </reporter-output>
        </test-method> <!-- createProduct -->
        <test-method is-config="true" signature="AM()[pri:0, instance:Product.CreateProductTest@3a93b025]" started-at="2024-09-05T19:55:21 IST" name="AM" finished-at="2024-09-05T19:55:23 IST" duration-ms="2245" status="PASS">
          <reporter-output>
          </reporter-output>
        </test-method> <!-- AM -->
        <test-method is-config="true" signature="BM()[pri:0, instance:Product.CreateProductTest@3a93b025]" started-at="2024-09-05T19:55:23 IST" name="BM" finished-at="2024-09-05T19:55:27 IST" duration-ms="4180" status="PASS">
          <reporter-output>
          </reporter-output>
        </test-method> <!-- BM -->
        <test-method retried="true" signature="createProduct()[pri:0, instance:Product.CreateProductTest@3a93b025]" started-at="2024-09-05T19:55:27 IST" name="createProduct" finished-at="2024-09-05T19:55:40 IST" duration-ms="13117" status="SKIP">
          <exception class="java.lang.AssertionError">
            <message>
              <![CDATA[Assert pass expected [Nike698] but found [Nike698698]]]>
            </message>
            <full-stacktrace>
              <![CDATA[java.lang.AssertionError: Assert pass expected [Nike698] but found [Nike698698]
at org.testng.Assert.fail(Assert.java:99)
at org.testng.Assert.failNotEquals(Assert.java:1037)
at org.testng.Assert.assertEqualsImpl(Assert.java:140)
at org.testng.Assert.assertEquals(Assert.java:122)
at org.testng.Assert.assertEquals(Assert.java:629)
at Product.CreateProductTest.createProduct(CreateProductTest.java:60)
at java.base/jdk.internal.reflect.NativeMethodAccessorImpl.invoke0(Native Method)
at java.base/jdk.internal.reflect.NativeMethodAccessorImpl.invoke(NativeMethodAccessorImpl.java:77)
at java.base/jdk.internal.reflect.DelegatingMethodAccessorImpl.invoke(DelegatingMethodAccessorImpl.java:43)
at java.base/java.lang.reflect.Method.invoke(Method.java:568)
at org.testng.internal.MethodInvocationHelper.invokeMethod(MethodInvocationHelper.java:133)
at org.testng.internal.TestInvoker.invokeMethod(TestInvoker.java:598)
at org.testng.internal.TestInvoker.retryFailed(TestInvoker.java:213)
at org.testng.internal.MethodRunner.runInSequence(MethodRunner.java:58)
at org.testng.internal.TestInvoker$MethodInvocationAgent.invoke(TestInvoker.java:824)
at org.testng.internal.TestInvoker.invokeTestMethods(TestInvoker.java:146)
at org.testng.internal.TestMethodWorker.invokeTestMethods(TestMethodWorker.java:146)
at org.testng.internal.TestMethodWorker.run(TestMethodWorker.java:128)
at java.base/java.util.ArrayList.forEach(ArrayList.java:1511)
at org.testng.TestRunner.privateRun(TestRunner.java:794)
at org.testng.TestRunner.run(TestRunner.java:596)
at org.testng.SuiteRunner.runTest(SuiteRunner.java:377)
at org.testng.SuiteRunner.runSequentially(SuiteRunner.java:371)
at org.testng.SuiteRunner.privateRun(SuiteRunner.java:332)
at org.testng.SuiteRunner.run(SuiteRunner.java:276)
at org.testng.SuiteRunnerWorker.runSuite(SuiteRunnerWorker.java:53)
at org.testng.SuiteRunnerWorker.run(SuiteRunnerWorker.java:96)
at org.testng.TestNG.runSuitesSequentially(TestNG.java:1212)
at org.testng.TestNG.runSuitesLocally(TestNG.java:1134)
at org.testng.TestNG.runSuites(TestNG.java:1063)
at org.testng.TestNG.run(TestNG.java:1031)
at org.testng.remote.AbstractRemoteTestNG.run(AbstractRemoteTestNG.java:115)
at org.testng.remote.RemoteTestNG.initAndRun(RemoteTestNG.java:293)
at org.testng.remote.RemoteTestNG.main(RemoteTestNG.java:91)
]]>
            </full-stacktrace>
          </exception> <!-- java.lang.AssertionError -->
          <reporter-output>
          </reporter-output>
        </test-method> <!-- createProduct -->
        <test-method is-config="true" signature="AM()[pri:0, instance:Product.CreateProductTest@3a93b025]" started-at="2024-09-05T19:55:40 IST" name="AM" finished-at="2024-09-05T19:55:44 IST" duration-ms="3440" status="PASS">
          <reporter-output>
          </reporter-output>
        </test-method> <!-- AM -->
        <test-method is-config="true" signature="BM()[pri:0, instance:Product.CreateProductTest@3a93b025]" started-at="2024-09-05T19:55:44 IST" name="BM" finished-at="2024-09-05T19:55:48 IST" duration-ms="4570" status="PASS">
          <reporter-output>
          </reporter-output>
        </test-method> <!-- BM -->
        <test-method signature="createProduct()[pri:0, instance:Product.CreateProductTest@3a93b025]" started-at="2024-09-05T19:55:48 IST" name="createProduct" finished-at="2024-09-05T19:56:02 IST" duration-ms="14248" status="FAIL">
          <exception class="java.lang.AssertionError">
            <message>
              <![CDATA[Assert pass expected [Nike701] but found [Nike701701]]]>
            </message>
            <full-stacktrace>
              <![CDATA[java.lang.AssertionError: Assert pass expected [Nike701] but found [Nike701701]
at org.testng.Assert.fail(Assert.java:99)
at org.testng.Assert.failNotEquals(Assert.java:1037)
at org.testng.Assert.assertEqualsImpl(Assert.java:140)
at org.testng.Assert.assertEquals(Assert.java:122)
at org.testng.Assert.assertEquals(Assert.java:629)
at Product.CreateProductTest.createProduct(CreateProductTest.java:60)
at java.base/jdk.internal.reflect.NativeMethodAccessorImpl.invoke0(Native Method)
at java.base/jdk.internal.reflect.NativeMethodAccessorImpl.invoke(NativeMethodAccessorImpl.java:77)
at java.base/jdk.internal.reflect.DelegatingMethodAccessorImpl.invoke(DelegatingMethodAccessorImpl.java:43)
at java.base/java.lang.reflect.Method.invoke(Method.java:568)
at org.testng.internal.MethodInvocationHelper.invokeMethod(MethodInvocationHelper.java:133)
at org.testng.internal.TestInvoker.invokeMethod(TestInvoker.java:598)
at org.testng.internal.TestInvoker.retryFailed(TestInvoker.java:213)
at org.testng.internal.MethodRunner.runInSequence(MethodRunner.java:58)
at org.testng.internal.TestInvoker$MethodInvocationAgent.invoke(TestInvoker.java:824)
at org.testng.internal.TestInvoker.invokeTestMethods(TestInvoker.java:146)
at org.testng.internal.TestMethodWorker.invokeTestMethods(TestMethodWorker.java:146)
at org.testng.internal.TestMethodWorker.run(TestMethodWorker.java:128)
at java.base/java.util.ArrayList.forEach(ArrayList.java:1511)
at org.testng.TestRunner.privateRun(TestRunner.java:794)
at org.testng.TestRunner.run(TestRunner.java:596)
at org.testng.SuiteRunner.runTest(SuiteRunner.java:377)
at org.testng.SuiteRunner.runSequentially(SuiteRunner.java:371)
at org.testng.SuiteRunner.privateRun(SuiteRunner.java:332)
at org.testng.SuiteRunner.run(SuiteRunner.java:276)
at org.testng.SuiteRunnerWorker.runSuite(SuiteRunnerWorker.java:53)
at org.testng.SuiteRunnerWorker.run(SuiteRunnerWorker.java:96)
at org.testng.TestNG.runSuitesSequentially(TestNG.java:1212)
at org.testng.TestNG.runSuitesLocally(TestNG.java:1134)
at org.testng.TestNG.runSuites(TestNG.java:1063)
at org.testng.TestNG.run(TestNG.java:1031)
at org.testng.remote.AbstractRemoteTestNG.run(AbstractRemoteTestNG.java:115)
at org.testng.remote.RemoteTestNG.initAndRun(RemoteTestNG.java:293)
at org.testng.remote.RemoteTestNG.main(RemoteTestNG.java:91)
]]>
            </full-stacktrace>
          </exception> <!-- java.lang.AssertionError -->
          <reporter-output>
          </reporter-output>
        </test-method> <!-- createProduct -->
        <test-method is-config="true" signature="AM()[pri:0, instance:Product.CreateProductTest@3a93b025]" started-at="2024-09-05T19:56:03 IST" name="AM" finished-at="2024-09-05T19:56:05 IST" duration-ms="2091" status="PASS">
          <reporter-output>
          </reporter-output>
        </test-method> <!-- AM -->
        <test-method is-config="true" signature="AC()[pri:0, instance:Product.CreateProductTest@3a93b025]" started-at="2024-09-05T19:56:05 IST" name="AC" finished-at="2024-09-05T19:56:05 IST" duration-ms="178" status="PASS">
          <reporter-output>
          </reporter-output>
        </test-method> <!-- AC -->
        <test-method is-config="true" signature="AT()[pri:0, instance:Product.CreateProductTest@3a93b025]" started-at="2024-09-05T19:56:52 IST" name="AT" finished-at="2024-09-05T19:56:52 IST" duration-ms="5" status="PASS">
          <reporter-output>
          </reporter-output>
        </test-method> <!-- AT -->
        <test-method is-config="true" signature="AS()[pri:0, instance:Product.CreateProductTest@3a93b025]" started-at="2024-09-05T19:56:52 IST" name="AS" finished-at="2024-09-05T19:56:52 IST" duration-ms="0" status="PASS">
          <reporter-output>
          </reporter-output>
        </test-method> <!-- AS -->
      </class> <!-- Product.CreateProductTest -->
    </test> <!-- Test -->
  </suite> <!-- Suite -->
</testng-results>
